# JRE version: Java(TM) SE Runtime Environment (8.0_311-b11) (build 1.8.0_311-b11)
# Java VM: Java HotSpot(TM) 64-Bit Server VM (25.311-b11 mixed mode windows-amd64 compressed oops)
Heap:
 PSYoungGen      total 76288K, used 40495K [0x000000076b100000, 0x0000000770600000, 0x00000007c0000000)
  eden space 65536K, 61% used [0x000000076b100000,0x000000076d88bcc0,0x000000076f100000)
  from space 10752K, 0% used [0x000000076fb80000,0x000000076fb80000,0x0000000770600000)
  to   space 10752K, 0% used [0x000000076f100000,0x000000076f100000,0x000000076fb80000)
 ParOldGen       total 116224K, used 8961K [0x00000006c1200000, 0x00000006c8380000, 0x000000076b100000)
  object space 116224K, 7% used [0x00000006c1200000,0x00000006c1ac0748,0x00000006c8380000)
 Metaspace       used 26706K, capacity 27684K, committed 27904K, reserved 1073152K
  class space    used 3477K, capacity 3717K, committed 3840K, reserved 1048576K
GC Heap History (6 events):
Event: 2.230 GC heap before
{Heap before GC invocations=1 (full 0):
 PSYoungGen      total 76288K, used 65536K [0x000000076b100000, 0x0000000770600000, 0x00000007c0000000)
  eden space 65536K, 100% used [0x000000076b100000,0x000000076f100000,0x000000076f100000)
  from space 10752K, 0% used [0x000000076fb80000,0x000000076fb80000,0x0000000770600000)
  to   space 10752K, 0% used [0x000000076f100000,0x000000076f100000,0x000000076fb80000)
 ParOldGen       total 175104K, used 0K [0x00000006c1200000, 0x00000006cbd00000, 0x000000076b100000)
  object space 175104K, 0% used [0x00000006c1200000,0x00000006c1200000,0x00000006cbd00000)
 Metaspace       used 16221K, capacity 16666K, committed 16768K, reserved 1064960K
  class space    used 1977K, capacity 2144K, committed 2176K, reserved 1048576K
Event: 2.235 GC heap after
Heap after GC invocations=1 (full 0):
 PSYoungGen      total 76288K, used 6583K [0x000000076b100000, 0x0000000770600000, 0x00000007c0000000)
  eden space 65536K, 0% used [0x000000076b100000,0x000000076b100000,0x000000076f100000)
  from space 10752K, 61% used [0x000000076f100000,0x000000076f76de28,0x000000076fb80000)
  to   space 10752K, 0% used [0x000000076fb80000,0x000000076fb80000,0x0000000770600000)
 ParOldGen       total 175104K, used 80K [0x00000006c1200000, 0x00000006cbd00000, 0x000000076b100000)
  object space 175104K, 0% used [0x00000006c1200000,0x00000006c1214010,0x00000006cbd00000)
 Metaspace       used 16221K, capacity 16666K, committed 16768K, reserved 1064960K
  class space    used 1977K, capacity 2144K, committed 2176K, reserved 1048576K
}
Event: 2.903 GC heap before
{Heap before GC invocations=2 (full 0):
 PSYoungGen      total 76288K, used 39375K [0x000000076b100000, 0x0000000770600000, 0x00000007c0000000)
  eden space 65536K, 50% used [0x000000076b100000,0x000000076d105e98,0x000000076f100000)
  from space 10752K, 61% used [0x000000076f100000,0x000000076f76de28,0x000000076fb80000)
  to   space 10752K, 0% used [0x000000076fb80000,0x000000076fb80000,0x0000000770600000)
 ParOldGen       total 175104K, used 80K [0x00000006c1200000, 0x00000006cbd00000, 0x000000076b100000)
  object space 175104K, 0% used [0x00000006c1200000,0x00000006c1214010,0x00000006cbd00000)
 Metaspace       used 20631K, capacity 21124K, committed 21248K, reserved 1067008K
  class space    used 2563K, capacity 2725K, committed 2816K, reserved 1048576K
Event: 2.908 GC heap after
Heap after GC invocations=2 (full 0):
 PSYoungGen      total 76288K, used 9189K [0x000000076b100000, 0x0000000770600000, 0x00000007c0000000)
  eden space 65536K, 0% used [0x000000076b100000,0x000000076b100000,0x000000076f100000)
  from space 10752K, 85% used [0x000000076fb80000,0x0000000770479500,0x0000000770600000)
  to   space 10752K, 0% used [0x000000076f100000,0x000000076f100000,0x000000076fb80000)
 ParOldGen       total 175104K, used 96K [0x00000006c1200000, 0x00000006cbd00000, 0x000000076b100000)
  object space 175104K, 0% used [0x00000006c1200000,0x00000006c1218010,0x00000006cbd00000)
 Metaspace       used 20631K, capacity 21124K, committed 21248K, reserved 1067008K
  class space    used 2563K, capacity 2725K, committed 2816K, reserved 1048576K
}
Event: 2.908 GC heap before
{Heap before GC invocations=3 (full 1):
 PSYoungGen      total 76288K, used 9189K [0x000000076b100000, 0x0000000770600000, 0x00000007c0000000)
  eden space 65536K, 0% used [0x000000076b100000,0x000000076b100000,0x000000076f100000)
  from space 10752K, 85% used [0x000000076fb80000,0x0000000770479500,0x0000000770600000)
  to   space 10752K, 0% used [0x000000076f100000,0x000000076f100000,0x000000076fb80000)
 ParOldGen       total 175104K, used 96K [0x00000006c1200000, 0x00000006cbd00000, 0x000000076b100000)
  object space 175104K, 0% used [0x00000006c1200000,0x00000006c1218010,0x00000006cbd00000)
 Metaspace       used 20631K, capacity 21124K, committed 21248K, reserved 1067008K
  class space    used 2563K, capacity 2725K, committed 2816K, reserved 1048576K
Event: 2.932 GC heap after
Heap after GC invocations=3 (full 1):
 PSYoungGen      total 76288K, used 0K [0x000000076b100000, 0x0000000770600000, 0x00000007c0000000)
  eden space 65536K, 0% used [0x000000076b100000,0x000000076b100000,0x000000076f100000)
  from space 10752K, 0% used [0x000000076fb80000,0x000000076fb80000,0x0000000770600000)
  to   space 10752K, 0% used [0x000000076f100000,0x000000076f100000,0x000000076fb80000)
 ParOldGen       total 116224K, used 8961K [0x00000006c1200000, 0x00000006c8380000, 0x000000076b100000)
  object space 116224K, 7% used [0x00000006c1200000,0x00000006c1ac0748,0x00000006c8380000)
 Metaspace       used 20631K, capacity 21124K, committed 21248K, reserved 1067008K
  class space    used 2563K, capacity 2725K, committed 2816K, reserved 1048576K
}

